android/app/proguard-rules.pro
# ProGuard rules for AI Job Assistant

# Firebase
-keepattributes Signature
-keepattributes *Annotation*
-keep class com.google.firebase.** { *; }

# Credential Manager (Google Sign-In via Credential Manager API)
-keep class androidx.credentials.** { *; }
-dontwarn androidx.credentials.**

# Google Identity (GoogleIdTokenCredential, GetGoogleIdOption, etc.)
-keep class com.google.android.libraries.identity.googleid.** { *; }

# Google Play Services Auth
-keep class com.google.android.gms.auth.** { *; }
-keep class com.google.android.gms.common.** { *; }
-dontwarn com.google.android.gms.**

# Retrofit
-keepattributes Signature, InnerClasses, EnclosingMethod
-keepattributes RuntimeVisibleAnnotations, RuntimeVisibleParameterAnnotations
-keepclassmembers,allowshrinking,allowobfuscation interface * {
    @retrofit2.http.* <methods>;
}
-keep,allowobfuscation,allowshrinking interface retrofit2.Call
-keep,allowobfuscation,allowshrinking class retrofit2.Response
-keep,allowobfuscation,allowshrinking class kotlin.coroutines.Continuation
-dontwarn org.codehaus.mojo.animal_sniffer.IgnoreJRERequirement
-dontwarn javax.annotation.**
-dontwarn kotlin.Unit
-dontwarn retrofit2.KotlinExtensions
-dontwarn retrofit2.KotlinExtensions$*

# OkHttp
-dontwarn okhttp3.**
-dontwarn okio.**
-keep class okhttp3.** { *; }
-keep interface okhttp3.** { *; }

# Gson
-keepattributes Signature
-keep class com.google.gson.** { *; }
-keep class * extends com.google.gson.TypeAdapter
-keep class * implements com.google.gson.TypeAdapterFactory
-keep class * implements com.google.gson.JsonSerializer
-keep class * implements com.google.gson.JsonDeserializer

# Data models
-keep class com.aijobassistant.app.model.** { *; }

# Network data classes (Retrofit request/response models)
-keep class com.aijobassistant.app.data.network.** { *; }

# Keep Compose
-dontwarn androidx.compose.**