android/app/build/outputs/mapping/release/seeds.txt
com.aijobassistant.app.data.network.GenerateCoverLetterPdfRequest
com.aijobassistant.app.data.network.BuildProfileResponse
com.aijobassistant.app.model.JobPreferences
com.aijobassistant.app.service.FCMService
com.aijobassistant.app.model.Application
com.aijobassistant.app.model.UserProfile
com.aijobassistant.app.model.Education$Companion
com.aijobassistant.app.model.Education
com.aijobassistant.app.model.PersonalInfo
com.aijobassistant.app.model.ApplicationStatus
com.aijobassistant.app.data.network.ApiService
com.aijobassistant.app.data.network.GeneratePdfRequest
com.aijobassistant.app.model.Job$Companion
com.aijobassistant.app.AIJobApp
com.aijobassistant.app.model.JobPreferences$Companion
com.aijobassistant.app.data.network.JobSearchResponse
com.aijobassistant.app.model.PersonalInfo$Companion
com.aijobassistant.app.model.ApplicationStatus$Companion
com.aijobassistant.app.data.network.EvaluateJobResponse
com.aijobassistant.app.model.Project$Companion
com.aijobassistant.app.model.Job
com.aijobassistant.app.model.Application$Companion
com.aijobassistant.app.data.network.JobSearchRequest
com.aijobassistant.app.data.network.ApiClient
com.aijobassistant.app.data.network.AnalyzeResumeResponse
com.aijobassistant.app.data.network.AnalyzeResumeRequest
com.aijobassistant.app.model.UserProfile$Companion
com.aijobassistant.app.MainActivity
com.aijobassistant.app.data.network.EvaluateJobRequest
com.aijobassistant.app.model.Experience
com.aijobassistant.app.model.Project
com.aijobassistant.app.model.Experience$Companion
com.aijobassistant.app.data.network.ApiClient: okhttp3.logging.HttpLoggingInterceptor loggingInterceptor
com.aijobassistant.app.model.JobPreferences: java.lang.String salaryExpectation
com.aijobassistant.app.model.Education: java.lang.String degree
com.aijobassistant.app.model.Education: int $stable
com.aijobassistant.app.model.UserProfile: java.lang.String summary
com.aijobassistant.app.model.ApplicationStatus: kotlin.enums.EnumEntries $ENTRIES
com.aijobassistant.app.data.network.AnalyzeResumeResponse: int match_rate
com.aijobassistant.app.data.network.JobSearchResponse: java.util.Map profile
com.aijobassistant.app.model.Project: int $stable
com.aijobassistant.app.model.Application: java.lang.String dateApplied
com.aijobassistant.app.model.Application: com.aijobassistant.app.model.Application$Companion Companion
com.aijobassistant.app.model.Application: com.aijobassistant.app.model.ApplicationStatus status
com.aijobassistant.app.model.Application: java.lang.String id
com.aijobassistant.app.data.network.JobSearchResponse: boolean success
com.aijobassistant.app.model.Experience: java.util.List skillsUsed
com.aijobassistant.app.model.Education: java.lang.String graduationYear
com.aijobassistant.app.model.Application: java.lang.String jobLink
com.aijobassistant.app.model.UserProfile: java.util.List awards
com.aijobassistant.app.model.UserProfile: com.aijobassistant.app.model.PersonalInfo personalInfo
com.aijobassistant.app.model.Job: int score
com.aijobassistant.app.model.UserProfile: java.util.List certifications
com.aijobassistant.app.model.Application: java.lang.String contactPerson
com.aijobassistant.app.data.network.GenerateCoverLetterPdfRequest: java.lang.String cover_letter_text
com.aijobassistant.app.data.network.JobSearchResponse: java.util.List jobs
com.aijobassistant.app.model.Job: int $stable
com.aijobassistant.app.data.network.AnalyzeResumeResponse: java.lang.String cover_letter_text
com.aijobassistant.app.model.JobPreferences: java.util.List workType
com.aijobassistant.app.model.UserProfile: java.util.List experience
com.aijobassistant.app.model.ApplicationStatus: com.aijobassistant.app.model.ApplicationStatus OFFER
com.aijobassistant.app.data.network.GeneratePdfRequest: int $stable
com.aijobassistant.app.data.network.ApiClient: com.aijobassistant.app.data.network.ApiService apiService
com.aijobassistant.app.data.network.EvaluateJobResponse: int $stable
...
com.google.android.gms.common.logging.Logger: void v(java.lang.String,java.lang.Object[])
com.google.android.gms.internal.firebase-auth-api.zzle: byte[] zza(byte[],byte[],int)
com.google.android.gms.internal.firebase-auth-api.zzkv: int zza()
com.google.android.gms.internal.firebase-auth-api.zznn: zznn(com.google.android.gms.internal.firebase-auth-api.zzng,java.util.List,java.lang.Integer)
com.google.android.gms.internal.auth.zzhb: void zzf(java.lang.Object,java.lang.Object)
androidx.credentials.CreatePublicKeyCredentialRequest: CreatePublicKeyCredentialRequest(java.lang.String,byte[],boolean,java.lang.String,boolean)
com.google.firebase.firestore.util.CustomClassMapper: com.google.firebase.firestore.Blob convertBlob(java.lang.Object,com.google.firebase.firestore.util.CustomClassMapper$DeserializeContext)
okhttp3.Headers: java.util.Iterator iterator()
com.google.firebase.firestore.core.Transaction: java.util.concurrent.Executor createDefaultExecutor()
com.google.android.gms.common.internal.zzd: void zzc(int,android.os.IBinder,com.google.android.gms.common.internal.zzk)
com.google.android.gms.internal.firebase-auth-api.zzrp: void zza(com.google.android.gms.internal.firebase-auth-api.zzrp,com.google.android.gms.internal.firebase-auth-api.zzrv)
com.google.firebase.firestore.Filter: com.google.firebase.firestore.Filter notEqualTo(java.lang.String,java.lang.Object)
com.google.android.recaptcha.internal.zzfo: java.lang.Object zzb(java.lang.Object,java.lang.Object)
com.google.firebase.firestore.ktx.FirestoreKt$snapshots$1$1: java.lang.Object invoke()
com.google.firebase.installations.remote.FirebaseInstallationServiceClient: void writeRequestBodyToOutputStream(java.net.URLConnection,byte[])
androidx.compose.runtime.InvalidationResult: androidx.compose.runtime.InvalidationResult[] values()
com.google.android.gms.internal.auth.zzdw: byte zza()
com.google.android.gms.internal.auth.zzas: zzas()
com.google.android.gms.common.server.response.FastJsonResponse: void zap(com.google.android.gms.common.server.response.FastJsonResponse$Field,java.lang.String,java.util.ArrayList)
androidx.credentials.provider.AuthenticationAction$Api34Impl: androidx.credentials.provider.AuthenticationAction fromAction(android.service.credentials.Action)
com.google.android.gms.common.internal.zzl: java.lang.Object createFromParcel(android.os.Parcel)
com.google.android.recaptcha.internal.zzjh: void zzt(int,long)
com.google.android.recaptcha.internal.zzdc: zzdc(com.google.android.recaptcha.internal.zzdc)
com.google.android.recaptcha.internal.zzlc: com.google.android.recaptcha.internal.zzlc zzd()
com.google.android.gms.internal.cloudmessaging.zze: com.google.android.gms.internal.cloudmessaging.zzb zza()
androidx.credentials.playservices.controllers.CreatePublicKeyCredential.CredentialProviderCreatePublicKeyCredentialController: java.lang.Object convertResponseToCredentialManager(java.lang.Object)
androidx.compose.ui.platform.RenderNodeVerificationHelper28: void setSpotShadowColor(android.view.RenderNode,int)
com.google.android.gms.internal.common.zzac: boolean zzf()
com.google.android.gms.tasks.NativeOnCompleteListener: void createAndAddCallback(com.google.android.gms.tasks.Task,long)
com.google.android.gms.internal.fido.zzbx: int zza(int)
androidx.compose.ui.text.android.BoringLayoutFactoryDefault: android.text.BoringLayout create(java.lang.CharSequence,android.text.TextPaint,int,android.text.Layout$Alignment,float,float,android.text.BoringLayout$Metrics,boolean,android.text.TextUtils$TruncateAt,int)
com.google.android.gms.common.zzn: void zze(android.content.Context)
com.google.firebase.firestore.Query: com.google.firebase.firestore.AggregateQuery count()
com.google.firebase.installations.FirebaseInstallations: com.google.firebase.installations.local.IidStore getIidStore()
okhttp3.internal.tls.BasicCertificateChainCleaner: int hashCode()
com.google.android.gms.internal.firebase-auth-api.zzlv: zzlv(com.google.android.gms.internal.firebase-auth-api.zzbn,byte[])