android/app/build/outputs/mapping/release/usage.txt
com.aijobassistant.app.AIJobApp:
    public static final int $stable
com.aijobassistant.app.R$drawable:
    public static int ic_jobai
    public static int ic_launcher_background
    public static int splash_icon
    private void <init>()
com.aijobassistant.app.R$font:
    private void <init>()
com.aijobassistant.app.R$mipmap
com.aijobassistant.app.R$string:
    public static int app_name
    public static int default_notification_channel_id
    public static int default_notification_channel_name
    public static int gcm_defaultSenderId
    public static int google_api_key
    public static int google_app_id
    public static int google_crash_reporting_api_key
    public static int google_storage_bucket
    public static int project_id
    private void <init>()
com.aijobassistant.app.R$style
com.aijobassistant.app.R
com.aijobassistant.app.data.jobs.JobsRepository$analyzeJobDescription$1
com.aijobassistant.app.data.jobs.JobsRepository$generateResumePdf$1
com.aijobassistant.app.data.jobs.JobsRepository$saveJob$1
com.aijobassistant.app.data.jobs.JobsRepository:
    public final java.lang.Object analyzeJobDescription-gIAlu-s(java.lang.String,kotlin.coroutines.Continuation)
    public final java.lang.Object generateResumePdf-gIAlu-s(java.util.Map,kotlin.coroutines.Continuation)
    public final java.lang.Object saveJob-gIAlu-s(com.aijobassistant.app.model.Job,kotlin.coroutines.Continuation)
com.aijobassistant.app.data.profile.ProfileRepository$deleteProfile$1
com.aijobassistant.app.data.profile.ProfileRepository$observeProfile$1
com.aijobassistant.app.data.profile.ProfileRepository:
    public static final synthetic com.google.firebase.firestore.DocumentReference access$profileDocRef(com.aijobassistant.app.data.profile.ProfileRepository)
    public final java.lang.Object deleteProfile-IoAF18A(kotlin.coroutines.Continuation)
    public final kotlinx.coroutines.flow.Flow observeProfile()
com.aijobassistant.app.data.tracker.TrackerRepository$addApplicationsBatch$1
com.aijobassistant.app.data.tracker.TrackerRepository$deleteApplication$1
com.aijobassistant.app.data.tracker.TrackerRepository$getApplications$1
com.aijobassistant.app.data.tracker.TrackerRepository$getAppliedSignatures$1
com.aijobassistant.app.data.tracker.TrackerRepository:
    public final java.lang.Object addApplicationsBatch-gIAlu-s(java.util.List,kotlin.coroutines.Continuation)
    public final java.lang.Object deleteApplication-gIAlu-s(java.lang.String,kotlin.coroutines.Continuation)
    public final java.lang.Object getApplications-gIAlu-s(int,kotlin.coroutines.Continuation)
    public static synthetic java.lang.Object getApplications-gIAlu-s$default(com.aijobassistant.app.data.tracker.TrackerRepository,int,kotlin.coroutines.Continuation,int,java.lang.Object)
    public final java.lang.Object getAppliedSignatures(kotlin.coroutines.Continuation)
com.aijobassistant.app.navigation.BottomNavItem:
    public static final int $stable
    public final com.aijobassistant.app.navigation.Screen component1()
    public final java.lang.String component2()
    public final androidx.compose.ui.graphics.vector.ImageVector component3()
    public final com.aijobassistant.app.navigation.BottomNavItem copy(com.aijobassistant.app.navigation.Screen,java.lang.String,androidx.compose.ui.graphics.vector.ImageVector)
    public static synthetic com.aijobassistant.app.navigation.BottomNavItem copy$default(com.aijobassistant.app.navigation.BottomNavItem,com.aijobassistant.app.navigation.Screen,java.lang.String,androidx.compose.ui.graphics.vector.ImageVector,int,java.lang.Object)
com.aijobassistant.app.navigation.Screen$Home:
    public static final int $stable
com.aijobassistant.app.navigation.Screen$Jobs:
    public static final int $stable
com.aijobassistant.app.navigation.Screen$Login:
    public static final int $stable
com.aijobassistant.app.navigation.Screen$Onboarding:
    public static final int $stable
...
androidx.compose.material3.TimePickerKt$HorizontalTimePicker$2
androidx.compose.material3.TimePickerKt$PeriodToggleImpl$1$1
androidx.compose.material3.TimePickerKt$PeriodToggleImpl$2$1$1
androidx.compose.material3.TimePickerKt$PeriodToggleImpl$2$2$1
androidx.compose.material3.TimePickerKt$PeriodToggleImpl$3
androidx.compose.material3.TimePickerKt$TimeInput$1
androidx.compose.material3.TimePickerKt$TimeInputImpl$1$1$1$1$1
androidx.compose.material3.TimePickerKt$TimeInputImpl$1$1$1$2$1$1
androidx.compose.material3.TimePickerKt$TimeInputImpl$1$1$1$2$1
androidx.compose.material3.TimePickerKt$TimeInputImpl$1$1$1$3$1
androidx.compose.material3.TimePickerKt$TimeInputImpl$1$1$1$4$1
androidx.compose.material3.TimePickerKt$TimeInputImpl$1$1$1$5$1$1
androidx.compose.material3.TimePickerKt$TimeInputImpl$1$1$1$5$1
androidx.compose.material3.TimePickerKt$TimeInputImpl$1$1$1$6$1
androidx.compose.material3.TimePickerKt$TimeInputImpl$1$1
androidx.compose.material3.TimePickerKt$TimeInputImpl$2
androidx.compose.material3.TimePickerKt$TimeInputImpl$hourValue$2$1
androidx.compose.material3.TimePickerKt$TimeInputImpl$minuteValue$2$1
androidx.compose.material3.TimePickerKt$TimePicker$1
androidx.compose.material3.TimePickerKt$TimePickerTextField$1$1$1$1
androidx.compose.material3.TimePickerKt$TimePickerTextField$1$1$2$1
androidx.compose.material3.TimePickerKt$TimePickerTextField$1$1$2
androidx.compose.material3.TimePickerKt$TimePickerTextField$1$2
androidx.compose.material3.TimePickerKt$TimePickerTextField$2$1
androidx.compose.material3.TimePickerKt$TimePickerTextField$3
androidx.compose.material3.TimePickerKt$TimeSelector$1$1
androidx.compose.material3.TimePickerKt$TimeSelector$2$1
androidx.compose.material3.TimePickerKt$TimeSelector$3$1$1$1
androidx.compose.material3.TimePickerKt$TimeSelector$3
androidx.compose.material3.TimePickerKt$TimeSelector$4
androidx.compose.material3.TimePickerKt$ToggleItem$1$1
androidx.compose.material3.TimePickerKt$ToggleItem$2
androidx.compose.material3.TimePickerKt$VerticalClockDisplay$2
androidx.compose.material3.TimePickerKt$VerticalPeriodToggle$1
androidx.compose.material3.TimePickerKt$VerticalPeriodToggle$measurePolicy$1$1$1
androidx.compose.material3.TimePickerKt$VerticalPeriodToggle$measurePolicy$1$1
androidx.compose.material3.TimePickerKt$VerticalTimePicker$1
androidx.compose.material3.TimePickerKt$VerticalTimePicker$3
androidx.compose.material3.TimePickerKt$drawSelector$1
androidx.compose.material3.TimePickerKt$onTap$1
androidx.compose.material3.TimePickerKt$rememberTimePickerState$state$1$1
androidx.compose.material3.TimePickerKt$visible$$inlined$debugInspectorInfo$1
androidx.compose.material3.TimePickerKt
androidx.compose.material3.TimePickerLayoutType$Companion
androidx.compose.material3.TimePickerLayoutType
androidx.compose.material3.TimePickerSelectionMode$Companion
androidx.compose.material3.TimePickerSelectionMode
androidx.compose.material3.TimePickerState
androidx.compose.material3.TimePickerStateImpl$Companion$Saver$1
androidx.compose.material3.TimePickerStateImpl$Companion$Saver$2
androidx.compose.material3.TimePickerStateImpl$Companion
androidx.compose.material3.TimePickerStateImpl
androidx.compose.material3.TimePicker_androidKt
androidx.compose.material3.TonalPalette
androidx.compose.material3.TonalPaletteKt
androidx.compose.material3.TooltipDefaults$rememberPlainTooltipPositionProvider$1$1
androidx.compose.material3.TooltipDefaults$rememberRichTooltipPositionProvider$1$1
androidx.compose.material3.TooltipDefaults
androidx.compose.material3.TooltipKt$TooltipBox$1
androidx.compose.material3.TooltipKt$TooltipBox$2
androidx.compose.material3.TooltipKt$TooltipBox$scope$1$1
androidx.compose.material3.TooltipKt$TooltipBox$wrappedContent$1$1$1
androidx.compose.material3.TooltipKt$TooltipBox$wrappedContent$1
androidx.compose.material3.TooltipKt$animateTooltip$$inlined$debugInspectorInfo$1
androidx.compose.material3.TooltipKt$animateTooltip$2$alpha$2